/BATCH  
/COM,ANSYS RELEASE 15.0    UP20131014       22:40:04    03/09/2021
/input,menust,tmp,''
/COM,ANSYS RELEASE 15.0    UP20131014       22:40:04    03/09/2021
/GRA,POWER
/GST,ON
/PLO,INFO,3
/GRO,CURL,ON
/CPLANE,1   
/REPLOT,RESIZE  
WPSTYLE,,,,,,,,0
/BATCH  
/COM,ANSYS RELEASE 15.0    UP20131014       22:41:00    03/09/2021
/input,menust,tmp,''
/COM,ANSYS RELEASE 15.0    UP20131014       22:41:00    03/09/2021
/GRA,POWER
/GST,ON
/PLO,INFO,3
/GRO,CURL,ON
/CPLANE,1   
/REPLOT,RESIZE  
WPSTYLE,,,,,,,,0
/PREP7  
!*  
ET,1,PLANE183   
!*  
KEYOPT,1,1,1
KEYOPT,1,3,0
KEYOPT,1,6,0
!*  
!*  
!*  
MPTEMP,,,,,,,,  
MPTEMP,1,0  
MPDATA,EX,1,,1  
MPDATA,PRXY,1,,0.3  
K,1,00,0,0, 
K,2,3.50,00,00, 
K,3,7,00,00,
K,4,7,7,0,  
K,5,0,7,0,  
K,5,0,7,0,  
SAVE
FLST,2,5,3  
FITEM,2,1   
FITEM,2,2   
FITEM,2,3   
FITEM,2,4   
FITEM,2,5   
A,P51X  
SAVE
!*  
KSCON,2,1.5,1,3,0.5,
SAVE
/REPLOT,RESIZE  
/REPLOT,RESIZE  
/REPLOT,RESIZE  
FLST,5,2,3,ORDE,2   
FITEM,5,1   
FITEM,5,-2  
CM,_Y,KP
KSEL, , , ,P51X 
CM,_Y1,KP   
CMSEL,S,_Y  
!*  
!*  
CMSEL,S,_Y1 
KESIZE,ALL,1.0  
CMSEL,S,_Y  
CMDELE,_Y1  
CMDELE,_Y   
!*  
FLST,5,1,3,ORDE,1   
FITEM,5,3   
CM,_Y,KP
KSEL, , , ,P51X 
CM,_Y1,KP   
CMSEL,S,_Y  
!*  
!*  
CMSEL,S,_Y1 
KESIZE,ALL,1.0  
CMSEL,S,_Y  
CMDELE,_Y1  
CMDELE,_Y   
!*  
FLST,5,4,3,ORDE,2   
FITEM,5,2   
FITEM,5,-5  
CM,_Y,KP
KSEL, , , ,P51X 
CM,_Y1,KP   
CMSEL,S,_Y  
!*  
!*  
CMSEL,S,_Y1 
KESIZE,ALL,3.5  
CMSEL,S,_Y  
CMDELE,_Y1  
CMDELE,_Y   
!*  
FLST,5,1,3,ORDE,1   
FITEM,5,5   
CM,_Y,KP
KSEL, , , ,P51X 
CM,_Y1,KP   
CMSEL,S,_Y  
!*  
!*  
CMSEL,S,_Y1 
KESIZE,ALL,3.5  
CMSEL,S,_Y  
CMDELE,_Y1  
CMDELE,_Y   
!*  
FLST,5,1,3,ORDE,1   
FITEM,5,1   
CM,_Y,KP
KSEL, , , ,P51X 
CM,_Y1,KP   
CMSEL,S,_Y  
!*  
!*  
CMSEL,S,_Y1 
KESIZE,ALL,1
CMSEL,S,_Y  
CMDELE,_Y1  
CMDELE,_Y   
!*  
FLST,5,1,3,ORDE,1   
FITEM,5,3   
CM,_Y,KP
KSEL, , , ,P51X 
CM,_Y1,KP   
CMSEL,S,_Y  
!*  
!*  
CMSEL,S,_Y1 
KESIZE,ALL,1
CMSEL,S,_Y  
CMDELE,_Y1  
CMDELE,_Y   
!*  
FLST,5,1,3,ORDE,1   
FITEM,5,4   
CM,_Y,KP
KSEL, , , ,P51X 
CM,_Y1,KP   
CMSEL,S,_Y  
!*  
!*  
CMSEL,S,_Y1 
KESIZE,ALL,3.5  
CMSEL,S,_Y  
CMDELE,_Y1  
CMDELE,_Y   
!*  
FLST,5,1,3,ORDE,1   
FITEM,5,3   
CM,_Y,KP
KSEL, , , ,P51X 
CM,_Y1,KP   
CMSEL,S,_Y  
!*  
!*  
CMSEL,S,_Y1 
KESIZE,ALL,1
CMSEL,S,_Y  
CMDELE,_Y1  
CMDELE,_Y   
!*  
SAVE
MSHAPE,1,2D 
MSHKEY,0
!*  
CM,_Y,AREA  
ASEL, , , ,       1 
CM,_Y1,AREA 
CHKMSH,'AREA'   
CMSEL,S,_Y  
!*  
AMESH,_Y1   
!*  
CMDELE,_Y   
CMDELE,_Y1  
CMDELE,_Y2  
!*  
SAVE
SAVE
SAVE
NLIST,ALL, , , ,NODE,NODE,NODE  
NLIST,ALL, , , ,NODE,NODE,NODE  
elist,all,,,0,0 
!*  
/GTYP,2,GRPH,1  
!*  
/UI,MESH,OFF
GPLOT   
